    3.0217922564e+02    6.9995037097e+02   -1.4328903384e+05    3.8567161334e-04    1.0872222512e-03   -6.9543941141e-04    1.7282276579e-03    2.1387787458e-04    1.1378920794e-03    2.3743319702e+02    2.3743319702e+02    3.9388350621e+02
    3.0150001700e+02    6.9837709159e+02   -1.4327628749e+05   -2.9101755214e-04    1.1968924488e-03   -1.3861138806e-07   -1.5206676249e-03   -4.6820271413e-04   -8.9457899542e-04    2.3743319702e+02    2.3743319702e+02    3.9401343820e+02
    2.9901583053e+02    6.9262286664e+02   -1.4327433501e+05   -2.3673696223e-04   -5.3441291847e-04    8.0885063106e-04    1.6641116450e-03    8.1096332265e-04   -5.9979839093e-04    2.3743319702e+02    2.3743319702e+02    3.9404200348e+02
    2.9936137761e+02    6.9342327177e+02   -1.4328282154e+05    2.6365650297e-04   -1.2218996541e-03    4.5161972224e-04   -3.2754666073e-04   -1.7884715701e-03   -2.3400008614e-05    2.3743319702e+02    2.3743319702e+02    3.9412121590e+02
    2.9778619485e+02    6.8977461011e+02   -1.4327825726e+05    4.4882482001e-04   -2.0810725517e-04    1.7111823059e-04   -4.3348772046e-04    1.0175961349e-03    1.6746448320e-04    2.3743319702e+02    2.3743319702e+02    3.9411425782e+02
    2.9936468342e+02    6.9343092917e+02   -1.4327644184e+05    2.8194453800e-04    1.4246111913e-04    1.3713713488e-03    1.3897902721e-04   -3.2542378737e-04    8.2725257882e-04    2.3743319702e+02    2.3743319702e+02    3.9407814521e+02
    3.0036165389e+02    6.9574025353e+02   -1.4327658729e+05   -1.7294084072e-04    1.2188904457e-03    1.1061720231e-03   -7.5192086284e-04    7.6886065455e-04   -1.0074450641e-04    2.3743319702e+02    2.3743319702e+02    3.9409749029e+02
    3.0050959015e+02    6.9608292448e+02   -1.4327705440e+05   -6.5551314198e-04   -2.5923378544e-04    1.4489583951e-04   -1.3364738288e-06   -8.5554347095e-04    2.2523107648e-04    2.3743319702e+02    2.3743319702e+02    3.9414947686e+02
    2.9835264344e+02    6.9108669866e+02   -1.4327764322e+05   -1.9335232188e-03   -4.2713605247e-05   -4.5716863695e-04    3.0655113885e-04   -1.4520383586e-05    5.2367538503e-04    2.3743319702e+02    2.3743319702e+02    3.9418239699e+02
    2.9767982862e+02    6.8952822957e+02   -1.4328260432e+05    6.2943411589e-04    5.2115013954e-05    9.2088286102e-04    1.0564220126e-04   -6.1813159742e-04   -9.1435087909e-04    2.3743319702e+02    2.3743319702e+02    3.9415172577e+02
    3.0090461976e+02    6.9699794808e+02   -1.4327983396e+05    4.1041626471e-04   -5.9228445731e-04    5.4091234566e-04   -1.2370750994e-04   -6.7143186009e-04   -5.1216569537e-04    2.3743319702e+02    2.3743319702e+02    3.9413517736e+02
    2.9829346254e+02    6.9094961546e+02   -1.4328531766e+05    5.0711185665e-04   -2.1216100023e-04   -1.6794194102e-03    5.0960688733e-04    6.1137360750e-04   -6.5413436621e-06    2.3743319702e+02    2.3743319702e+02    3.9430490884e+02
    3.0165466115e+02    6.9873530031e+02   -1.4328429209e+05    3.0993614019e-04    3.8080779909e-04   -2.1623770164e-04   -6.9764649921e-04   -3.6739966993e-04    4.7118614592e-04    2.3743319702e+02    2.3743319702e+02    3.9420798951e+02
    3.0097894580e+02    6.9717011260e+02   -1.4328153781e+05    5.2528354532e-04    1.0324172098e-03    9.0739751007e-04    4.6317042142e-04   -6.9870994891e-04    1.8692647375e-04    2.3743319702e+02    2.3743319702e+02    3.9417877854e+02
    3.0074243659e+02    6.9662227643e+02   -1.4328304216e+05    3.5351007979e-04    6.0768163648e-04   -1.5546206467e-03   -9.2347402682e-05    6.1400996689e-04   -6.2824884228e-04    2.3743319702e+02    2.3743319702e+02    3.9429805890e+02
    2.9816108533e+02    6.9064298460e+02   -1.4328050762e+05    1.1132703619e-03    1.1180954999e-03   -4.7531419192e-04   -4.3424181116e-05   -1.1002167325e-03   -2.7255811347e-04    2.3743319702e+02    2.3743319702e+02    3.9423351373e+02
    2.9788090005e+02    6.8999397972e+02   -1.4327076158e+05   -5.5342248802e-05   -1.2221778914e-03   -7.3524822835e-05    3.1575304447e-04   -2.9027803632e-04    5.6760920811e-04    2.3743319702e+02    2.3743319702e+02    3.9420577500e+02
    2.9828768271e+02    6.9093622741e+02   -1.4328213707e+05   -6.4430096343e-04   -2.3540570159e-04    8.8549827495e-04    2.1830515825e-04    2.2592725337e-04   -1.3172683335e-05    2.3743319702e+02    2.3743319702e+02    3.9414402291e+02
    2.9993042606e+02    6.9474138250e+02   -1.4327882374e+05    3.2387854422e-04   -6.5415241918e-04    8.0128627097e-04   -4.1738707821e-04   -9.9536167596e-04   -3.5186967779e-04    2.3743319702e+02    2.3743319702e+02    3.9415645474e+02
    2.9835255436e+02    6.9108649233e+02   -1.4328372959e+05   -1.2539812853e-03   -1.5092247295e-05   -4.1571062911e-05    5.3781682351e-04    6.1031357660e-04    3.4184317340e-04    2.3743319702e+02    2.3743319702e+02    3.9417263135e+02
    2.9804331555e+02    6.9037018953e+02   -1.4327725400e+05    6.0560089446e-04    1.1677408127e-03    1.4462831056e-03   -2.4582422224e-04   -4.7527566429e-04   -1.2748112857e-04    2.3743319702e+02    2.3743319702e+02    3.9412889928e+02
    2.9379397915e+02    6.8052727402e+02   -1.4327483925e+05    4.4485116645e-04    1.8175047831e-05   -1.5371150630e-03    1.4408873107e-04    6.7620282173e-04    8.6805537178e-04    2.3743319702e+02    2.3743319702e+02    3.9429259595e+02
    2.9961547995e+02    6.9401185967e+02   -1.4328213087e+05   -8.4605614527e-04   -7.0551569274e-04   -2.8623534632e-04   -4.6341016139e-06   -1.4120069465e-04    2.8148804136e-04    2.3743319702e+02    2.3743319702e+02    3.9421426905e+02
    2.9972019912e+02    6.9425442505e+02   -1.4327847690e+05   -2.5735582991e-04   -3.8833344322e-04   -1.8120893347e-03   -5.4637247258e-04   -1.6162078977e-04    5.5950579304e-05    2.3743319702e+02    2.3743319702e+02    3.9429480567e+02
    3.0074656123e+02    6.9663183051e+02   -1.4328254101e+05   -8.9210564208e-04   -3.7053665498e-05    2.0518335173e-03    7.4033016616e-04    5.1749965243e-04    6.5685604627e-05    2.3743319702e+02    2.3743319702e+02    3.9405559344e+02
    3.0080995987e+02    6.9677868343e+02   -1.4327664110e+05   -3.4615843061e-04   -2.2399621232e-04    2.3312788843e-03    3.4182236443e-04   -4.4153097436e-04   -4.4671625160e-04    2.3743319702e+02    2.3743319702e+02    3.9405559344e+02
    2.9820623286e+02    6.9074756172e+02   -1.4328021184e+05   -1.8381391272e-04   -4.6490905946e-04    2.2977909864e-03   -2.8106623543e-04    7.7733939157e-06   -2.0824264617e-04    2.3743319702e+02    2.3743319702e+02    3.9405559344e+02
    3.0182783898e+02    6.9913643935e+02   -1.4327731400e+05    1.2317653150e-04   -9.4561489675e-05    2.4245766754e-03   -9.6095313236e-06   -1.1916712270e-04    3.9158751607e-04    2.3743319702e+02    2.3743319702e+02    3.9405559344e+02
    3.0270244716e+02    7.0116233083e+02   -1.4328457203e+05    5.5447657729e-04    3.7737952034e-04    2.9004999416e-03   -4.2921873072e-04   -5.4013924977e-04    4.1797412824e-04    2.3743319702e+02    2.3743319702e+02    3.9405559344e+02
    3.0058912728e+02    6.9626715967e+02   -1.4328184750e+05    6.0753113261e-04    4.5982392040e-05    2.7846572846e-03    3.8709577093e-04   -1.2574917255e-05    4.1083976177e-05    2.3743319702e+02    2.3743319702e+02    3.9405559344e+02
    2.9725437987e+02    6.8854274485e+02   -1.4327768743e+05    4.7013294222e-04    9.8527315709e-05    2.4518417872e-03    2.2294932970e-04    7.0281530870e-04   -4.4070115685e-04    2.3743319702e+02    2.3743319702e+02    3.9405559344e+02
    2.9809691038e+02    6.9049433350e+02   -1.4327532439e+05   -3.4583459024e-04    9.2434710065e-04    2.5047310215e-03    3.8522247046e-04   -2.6643475164e-04    1.1878254238e-04    2.3743319702e+02    2.3743319702e+02    3.9405559344e+02
    2.9882244413e+02    6.9217491764e+02   -1.4328521150e+05   -7.5827953109e-04    3.8841228175e-04    2.5374188627e-03   -9.4654414570e-04    8.1830429334e-05    1.7383793904e-04    2.3743319702e+02    2.3743319702e+02    3.9405559344e+02
    3.0205014158e+02    6.9965136815e+02   -1.4327601911e+05   -1.9347958140e-04   -1.6885716303e-05    2.6935381022e-03    1.0473802691e-04    1.5807969379e-04    6.2156219254e-04    2.3743319702e+02    2.3743319702e+02    3.9405559344e+02
    2.9670902371e+02    6.8727951359e+02   -1.4328090012e+05   -9.3960911665e-04   -9.4425080734e-04    2.4015714340e-03    3.1954138786e-04   -2.5948590856e-04   -7.3353791868e-04    2.3743319702e+02    2.3743319702e+02    3.9405559344e+02
    2.9682967650e+02    6.8755898668e+02   -1.4328362678e+05   -5.4365847578e-04   -6.4538978916e-04    2.2392631885e-03   -8.4193104439e-04    2.3456745476e-06   -5.9607667382e-05    2.3743319702e+02    2.3743319702e+02    3.9405559344e+02
    3.0098955954e+02    6.9719469765e+02   -1.4326618686e+05    8.4081852138e-04    1.9425024037e-04    3.0543395991e-03    2.0357233687e-04    1.1309728486e-04   -8.8743599885e-05    2.3743319702e+02    2.3743319702e+02    3.9405559344e+02
    3.0180851066e+02    6.9909166835e+02   -1.4328148678e+05   -1.8948836819e-03   -8.9039029725e-04    1.9881023758e-03   -5.4688647011e-04    3.9217390351e-05   -3.8257349249e-04    2.3743319702e+02    2.3743319702e+02    3.9405559344e+02
    2.9962322295e+02    6.9402979509e+02   -1.4328556760e+05    8.8355519254e-04    1.2073046979e-03    2.8000149078e-03    3.3321121627e-04    1.8678343367e-04   -7.7582328460e-05    2.3743319702e+02    2.3743319702e+02    3.9405559344e+02
    3.0139632841e+02    6.9813691339e+02   -1.4328005184e+05   -6.1349573002e-04   -4.6345420056e-04    2.2192355652e-03    1.4841577933e-04   -1.4389432596e-04   -2.5288754601e-05    2.3743319702e+02    2.3743319702e+02    3.9405559344e+02
    2.9653890027e+02    6.8688544955e+02   -1.4328500515e+05    2.6902188223e-04   -9.3156123655e-05    1.9340880821e-03   -6.5526050084e-04   -7.5390497570e-04   -5.6553968445e-04    2.3743319702e+02    2.3743319702e+02    3.9405559344e+02
    3.0077741041e+02    6.9670328776e+02   -1.4327113468e+05   -1.0032989605e-03   -1.6770369201e-03    2.0133317599e-03    1.2191896996e-04    6.6245953129e-04    7.9297589589e-04    2.3743319702e+02    2.3743319702e+02    3.9405559344e+02
    2.9988612718e+02    6.9463877115e+02   -1.4327448157e+05   -2.6752956554e-04    1.0462835828e-03    2.3708935818e-03   -4.6992539193e-04   -4.6574950874e-04   -1.0619452846e-05    2.3743319702e+02    2.3743319702e+02    3.9405559344e+02
    3.0215233122e+02    6.9988807428e+02   -1.4327762595e+05   -7.5960692566e-04    2.3005834264e-04    2.3976449086e-03   -2.4371825629e-04    8.7403478485e-04   -3.0909486518e-04    2.3743319702e+02    2.3743319702e+02    3.9405559344e+02
    2.9915390826e+02    6.9294270186e+02   -1.4327868549e+05   -4.4015642606e-04   -1.1102621569e-03    1.8269639729e-03    2.7233515422e-04   -4.2933542185e-04   -2.3009177346e-04    2.3743319702e+02    2.3743319702e+02    3.9405559344e+02
    2.9647242748e+02    6.8673147583e+02   -1.4327141111e+05   -2.2748110603e-04    1.2602825453e-03    2.8290655723e-03   -1.5071930225e-04   -2.3110217557e-04    7.6584115754e-04    2.3743319702e+02    2.3743319702e+02    3.9405559344e+02
    2.9784360564e+02    6.8990759313e+02   -1.4326926545e+05   -1.0671873786e-04    4.9355992220e-04    2.8394292575e-03    2.0581653938e-04    1.6312598992e-04   -3.3641828082e-04    2.3743319702e+02    2.3743319702e+02    3.9405559344e+02
    3.0017543176e+02    6.9530889943e+02   -1.4327456770e+05    2.3055149846e-05   -1.4046299937e-04    2.5528375726e-03    2.2347897675e-04   -2.3055910585e-04   -4.4360613013e-04    2.3743319702e+02    2.3743319702e+02    3.9405559344e+02
    2.9830133736e+02    6.9096785624e+02   -1.4328139993e+05    5.6260888145e-04   -3.2901218638e-04    2.7913464759e-03   -7.0099776614e-04    6.2898228803e-04   -1.4320615767e-05    2.3743319702e+02    2.3743319702e+02    3.9405559344e+02
    3.0172979020e+02    6.9890932485e+02   -1.4328421236e+05   -3.6819984257e-04    3.6017316562e-04    2.5062521304e-03    1.6448943638e-04   -1.5743252093e-03    4.9687224709e-04    2.3743319702e+02    2.3743319702e+02    3.9405559344e+02
